proguard_logs/mapping.txt
com.revonline.pastebin.CodeShareReceiver -> com.revonline.pastebin.CodeShareReceiver:
    void onReceive(android.content.Context,android.content.Intent) -> onReceive
com.revonline.pastebin.CodeShareReceiver$1 -> com.revonline.pastebin.a:
    android.content.Context val$context -> a
    android.content.Intent val$intent -> b
    java.lang.String val$key -> c
    com.revonline.pastebin.CodeShareReceiver this$0 -> d
    void onClick(android.content.DialogInterface,int) -> onClick
com.revonline.pastebin.ErrorMessages -> com.revonline.pastebin.b:
    java.util.HashMap errors -> a
com.revonline.pastebin.PasteInfo -> com.revonline.pastebin.PasteInfo:
    int sqlID -> a
    java.lang.String pasteName -> b
    java.lang.String pasteAuthor -> c
    java.lang.String pasteLanguage -> d
    java.util.Calendar pasteData -> e
    java.lang.String pasteKey -> f
    android.os.Parcelable$Creator CREATOR -> CREATOR
    java.lang.String getPasteName() -> a
    void setPasteName(java.lang.String) -> a
    java.lang.String getPasteAuthor() -> b
    java.lang.String getPasteLanguage() -> c
    void setPasteLanguage(java.lang.String) -> b
    java.util.Calendar getPasteData() -> d
    void setPasteData(java.util.Calendar) -> a
    java.lang.String getPasteKey() -> e
    void setPasteKey(java.lang.String) -> c
    int describeContents() -> describeContents
    void writeToParcel(android.os.Parcel,int) -> writeToParcel
    void readFromParcel(android.os.Parcel) -> a
com.revonline.pastebin.PasteInfo$1 -> com.revonline.pastebin.c:
    com.revonline.pastebin.PasteInfo createFromParcel(android.os.Parcel) -> a
    com.revonline.pastebin.PasteInfo[] newArray(int) -> a
    java.lang.Object[] newArray(int) -> newArray
    java.lang.Object createFromParcel(android.os.Parcel) -> createFromParcel
com.revonline.pastebin.Pastebin -> com.revonline.pastebin.d:
    android.content.Context context -> a
    void postPaste(java.lang.String,java.lang.String,java.lang.String,java.lang.String,int,boolean,java.lang.String) -> a
com.revonline.pastebin.Settings -> com.revonline.pastebin.Settings:
    void onCreate(android.os.Bundle) -> onCreate
com.revonline.pastebin.ShareCodeActivity -> com.revonline.pastebin.ShareCodeActivity:
    com.revonline.pastebin.Pastebin pastebin -> b
    java.lang.String pasteTitle -> c
    java.lang.String language -> d
    java.lang.String time -> e
    int visiblity -> f
    java.lang.String pasteCode -> g
    com.revonline.pastebin.CodeShareReceiver codeshareResponse -> h
    com.revonline.pastebin.user.User user -> i
    android.widget.RadioButton privateButton -> j
    android.view.MenuItem IOmenuitem -> k
    android.widget.CheckBox anonimo -> l
    java.lang.String[] expirationValues -> m
    android.widget.EditText pasteText -> n
    java.lang.String[] fixedLanguages -> o
    boolean apiLower11 -> a
    void onCreate(android.os.Bundle) -> onCreate
    void initUI() -> a
    int searchPosition(java.lang.String[],java.lang.String) -> a
    void onResume() -> onResume
    void initNavigation() -> b
    void setSelectedNavigationItem(android.app.ActionBar,int) -> a
    boolean onCreateOptionsMenu(android.view.Menu) -> onCreateOptionsMenu
    boolean onOptionsItemSelected(android.view.MenuItem) -> onOptionsItemSelected
    void sharePaste(android.view.View) -> sharePaste
    void onPause() -> onPause
    java.lang.String access$002(com.revonline.pastebin.ShareCodeActivity,java.lang.String) -> a
    java.lang.String access$102(com.revonline.pastebin.ShareCodeActivity,java.lang.String) -> b
    int access$202(com.revonline.pastebin.ShareCodeActivity,int) -> a
com.revonline.pastebin.ShareCodeActivity$1 -> com.revonline.pastebin.e:
    com.revonline.pastebin.ShareCodeActivity this$0 -> a
    void beforeTextChanged(java.lang.CharSequence,int,int,int) -> beforeTextChanged
    void onTextChanged(java.lang.CharSequence,int,int,int) -> onTextChanged
    void afterTextChanged(android.text.Editable) -> afterTextChanged
...
org.joda.time.format.PeriodFormat -> org.joda.time.format.PeriodFormat:
    java.lang.String BUNDLE_NAME -> BUNDLE_NAME
    java.util.concurrent.ConcurrentMap FORMATTERS -> FORMATTERS
    org.joda.time.format.PeriodFormatter getDefault() -> getDefault
    org.joda.time.format.PeriodFormatter wordBased() -> wordBased
    org.joda.time.format.PeriodFormatter wordBased(java.util.Locale) -> wordBased
org.joda.time.format.PeriodFormatter -> org.joda.time.format.PeriodFormatter:
    org.joda.time.format.PeriodPrinter iPrinter -> iPrinter
    org.joda.time.format.PeriodParser iParser -> iParser
    java.util.Locale iLocale -> iLocale
    org.joda.time.PeriodType iParseType -> iParseType
    boolean isPrinter() -> isPrinter
    org.joda.time.format.PeriodPrinter getPrinter() -> getPrinter
    boolean isParser() -> isParser
    org.joda.time.format.PeriodParser getParser() -> getParser
    org.joda.time.format.PeriodFormatter withLocale(java.util.Locale) -> withLocale
    java.util.Locale getLocale() -> getLocale
    org.joda.time.format.PeriodFormatter withParseType(org.joda.time.PeriodType) -> withParseType
    org.joda.time.PeriodType getParseType() -> getParseType
    void printTo(java.lang.StringBuffer,org.joda.time.ReadablePeriod) -> printTo
    void printTo(java.io.Writer,org.joda.time.ReadablePeriod) -> printTo
    java.lang.String print(org.joda.time.ReadablePeriod) -> print
    void checkPrinter() -> checkPrinter
    void checkPeriod(org.joda.time.ReadablePeriod) -> checkPeriod
    int parseInto(org.joda.time.ReadWritablePeriod,java.lang.String,int) -> parseInto
    org.joda.time.Period parsePeriod(java.lang.String) -> parsePeriod
    org.joda.time.MutablePeriod parseMutablePeriod(java.lang.String) -> parseMutablePeriod
    void checkParser() -> checkParser
org.joda.time.format.PeriodFormatterBuilder -> org.joda.time.format.PeriodFormatterBuilder:
    int PRINT_ZERO_RARELY_FIRST -> PRINT_ZERO_RARELY_FIRST
    int PRINT_ZERO_RARELY_LAST -> PRINT_ZERO_RARELY_LAST
    int PRINT_ZERO_IF_SUPPORTED -> PRINT_ZERO_IF_SUPPORTED
    int PRINT_ZERO_ALWAYS -> PRINT_ZERO_ALWAYS
    int PRINT_ZERO_NEVER -> PRINT_ZERO_NEVER
    int YEARS -> YEARS
    int MONTHS -> MONTHS
    int WEEKS -> WEEKS
    int DAYS -> DAYS
    int HOURS -> HOURS
    int MINUTES -> MINUTES
    int SECONDS -> SECONDS
    int MILLIS -> MILLIS
    int SECONDS_MILLIS -> SECONDS_MILLIS
    int SECONDS_OPTIONAL_MILLIS -> SECONDS_OPTIONAL_MILLIS
    int MAX_FIELD -> MAX_FIELD
    int iMinPrintedDigits -> iMinPrintedDigits
    int iPrintZeroSetting -> iPrintZeroSetting
    int iMaxParsedDigits -> iMaxParsedDigits
    boolean iRejectSignedValues -> iRejectSignedValues
    org.joda.time.format.PeriodFormatterBuilder$PeriodFieldAffix iPrefix -> iPrefix
    java.util.List iElementPairs -> iElementPairs
    boolean iNotPrinter -> iNotPrinter
    boolean iNotParser -> iNotParser
    org.joda.time.format.PeriodFormatterBuilder$FieldFormatter[] iFieldFormatters -> iFieldFormatters
    org.joda.time.format.PeriodFormatter toFormatter() -> toFormatter
    org.joda.time.format.PeriodPrinter toPrinter() -> toPrinter
    org.joda.time.format.PeriodParser toParser() -> toParser
    void clear() -> clear